{
  "stats": {
    "suites": 1,
    "tests": 1,
    "passes": 1,
    "pending": 0,
    "failures": 0,
    "start": "2022-05-06T15:45:00.710Z",
    "end": "2022-05-06T15:45:10.982Z",
    "duration": 10272,
    "testsRegistered": 1,
    "passPercent": 100,
    "pendingPercent": 0,
    "other": 0,
    "hasOther": false,
    "skipped": 0,
    "hasSkipped": false
  },
  "results": [
    {
      "uuid": "9d9dc315-4019-4972-a823-4e6f73167551",
      "title": "",
      "fullFile": "cypress/integration/user-e2e-test.js",
      "file": "cypress/integration/user-e2e-test.js",
      "beforeHooks": [],
      "afterHooks": [],
      "tests": [],
      "suites": [
        {
          "uuid": "7f27b141-89a5-4dc9-819f-9a16b77a9973",
          "title": "login",
          "fullFile": "",
          "file": "",
          "beforeHooks": [],
          "afterHooks": [],
          "tests": [
            {
              "title": "user can login",
              "fullTitle": "login user can login",
              "timedOut": null,
              "duration": 8016,
              "state": "passed",
              "speed": "medium",
              "pass": true,
              "fail": false,
              "pending": false,
              "context": null,
              "code": "//login\ncy.visit('http://localhost:5000/login');\ncy.get('#email').type('wiltses@csp.edu');\ncy.get('#password').type('password4');\ncy.get(\".btn-primary\").click(); //product + shopping cart\ncy.wait(1000);\ncy.visit('http://localhost:5000/product/9781260771381');\ncy.get('.form-select').select('3');\ncy.wait(1000);\ncy.get(\".btn-block\").click(); //logout\ncy.wait(1000);\ncy.visit('http://localhost:5000');\ncy.get(\"#username\").click();\ncy.wait(1000);\ncy.get('.dropdown-item').click();",
              "err": {},
              "uuid": "7205bfb4-7cd9-417e-8f2a-10ee6402424d",
              "parentUUID": "7f27b141-89a5-4dc9-819f-9a16b77a9973",
              "isHook": false,
              "skipped": false
            }
          ],
          "suites": [],
          "passes": [
            "7205bfb4-7cd9-417e-8f2a-10ee6402424d"
          ],
          "failures": [],
          "pending": [],
          "skipped": [],
          "duration": 8016,
          "root": false,
          "rootEmpty": false,
          "_timeout": 2000
        }
      ],
      "passes": [],
      "failures": [],
      "pending": [],
      "skipped": [],
      "duration": 0,
      "root": true,
      "rootEmpty": true,
      "_timeout": 2000
    }
  ],
  "meta": {
    "mocha": {
      "version": "7.0.1"
    },
    "mochawesome": {
      "options": {
        "quiet": false,
        "reportFilename": "mochawesome",
        "saveHtml": false,
        "saveJson": true,
        "consoleReporter": "spec",
        "useInlineDiffs": false,
        "code": true
      },
      "version": "7.1.3"
    },
    "marge": {
      "options": {
        "charts": true,
        "overwrite": false,
        "html": false,
        "json": true,
        "reportDir": "cypress/report/mochawesome-report"
      },
      "version": "6.2.0"
    }
  }
}